<?xml version="1.0" encoding="UTF-8"?>
<!-- Generated by org.testng.reporters.JUnitReportReporter -->
<testsuite hostname="DESKTOP-UDSR933" name="com.test.ng.test.TestGrid" tests="2" failures="0" timestamp="16 Jul 2018 04:48:22 GMT" time="24.075" errors="0">
  <testcase name="testGrid" time="10.363" classname="com.test.ng.test.TestGrid"/>
  <testcase name="testGrid" time="13.712" classname="com.test.ng.test.TestGrid"/>
</testsuite> <!-- com.test.ng.test.TestGrid -->
