<?xml version="1.0" encoding="UTF-8"?>
<!-- Generated by org.testng.reporters.JUnitReportReporter -->
<testsuite hostname="DESKTOP-UDSR933" name="com.test.ng.day1.TestJavaScript" tests="1" failures="0" timestamp="12 Jul 2018 02:19:11 GMT" time="4.175" errors="0">
  <testcase name="testPhantomJS" time="4.175" classname="com.test.ng.day1.TestJavaScript"/>
</testsuite> <!-- com.test.ng.day1.TestJavaScript -->
