<?xml version="1.0" encoding="UTF-8"?>
<!-- Generated by org.testng.reporters.JUnitReportReporter -->
<testsuite hostname="DESKTOP-UDSR933" name="com.test.ng.day1.TestSeleniumDemo2" tests="1" failures="0" timestamp="11 Jul 2018 00:52:52 GMT" time="2.125" errors="0">
  <testcase name="shotImg" time="2.125" classname="com.test.ng.day1.TestSeleniumDemo2"/>
</testsuite> <!-- com.test.ng.day1.TestSeleniumDemo2 -->
