<?xml version="1.0" encoding="UTF-8"?>
<!-- Generated by org.testng.reporters.JUnitReportReporter -->
<testsuite hostname="DESKTOP-UDSR933" name="com.test.ng.day1.TestActions" tests="1" failures="0" timestamp="11 Jul 2018 13:54:43 GMT" time="0.896" errors="0">
  <testcase name="testUploadFile" time="0.896" classname="com.test.ng.day1.TestActions"/>
</testsuite> <!-- com.test.ng.day1.TestActions -->
