<?xml version="1.0" encoding="UTF-8"?>
<!-- Generated by org.testng.reporters.JUnitReportReporter -->
<testsuite hostname="DESKTOP-UDSR933" name="com.test.ng.day1.TestNGDemo1" tests="2" failures="0" timestamp="16 Jul 2018 04:46:00 GMT" time="0.011" errors="0">
  <testcase name="testCase2" time="0.001" classname="com.test.ng.day1.TestNGDemo1"/>
  <testcase name="testCase" time="0.010" classname="com.test.ng.day1.TestNGDemo1"/>
</testsuite> <!-- com.test.ng.day1.TestNGDemo1 -->
